[2026/01/30 14:25:12] Operación: Carga inicial de datos completada.
[2026/01/30 14:25:29] Operación: Generación de Ranking de Consumo.
[2026/01/30 14:25:58] Operación: Consulta de camino mínimo entre NEUFUEN y VENTISQUERO ALTO
[2026/01/30 14:27:20] Baja: Se eliminó la ciudad CIELOFLOR
[2026/01/30 14:28:38] Actualización: Habitantes de NEUFUEN (A:0 M:0) a 1
[2026/01/30 14:28:59] Modificación: Consumo de NEUFUEN cambiado a 0.1
[2026/01/30 14:29:13] Operación: Consulta camino Caudal Pleno NEUFUEN -> RIONEGRA
[2026/01/30 15:10:41] Operación: Carga inicial de datos completada.
[2026/01/30 15:10:41] --- ESTADO INICIAL DEL SISTEMA ---
[2026/01/30 15:10:41] === ESTADO DEL SISTEMA ===
1. CIUDADES (AVL):
RIONEGRA (Alt: 4) HI: MARAVELICA HD: TERRAVIVA
MARAVELICA (Alt: 3) HI: CUPRAL-CO HD: NEUFUEN
CUPRAL-CO (Alt: 2) HI: BOSQUEMONTE HD: FUENTELUZ
BOSQUEMONTE (Alt: 1) HI: - HD: CIELOFLOR
CIELOFLOR (Alt: 0) HI: - HD: -
FUENTELUZ (Alt: 0) HI: - HD: -
NEUFUEN (Alt: 1) HI: MONTEAURORA HD: PIEDRALUNA
MONTEAURORA (Alt: 0) HI: - HD: -
PIEDRALUNA (Alt: 0) HI: - HD: -
TERRAVIVA (Alt: 2) HI: SOLANDINA HD: VALLEVERDE
SOLANDINA (Alt: 0) HI: - HD: -
VALLEVERDE (Alt: 1) HI: - HD: VENTISQUERO ALTO
VENTISQUERO ALTO (Alt: 0) HI: - HD: -

2. RED (GRAFO):
NEUFUEN -> BOSQUEMONTE (peso:148.0), TERRAVIVA (peso:443.0), SOLANDINA (peso:387.0), RIONEGRA (peso:274.0), 
RIONEGRA -> VENTISQUERO ALTO (peso:300.0), 
SOLANDINA -> MONTEAURORA (peso:290.0), 
TERRAVIVA -> 
BOSQUEMONTE -> 
CUPRAL-CO -> VALLEVERDE (peso:268.0), TERRAVIVA (peso:431.0), PIEDRALUNA (peso:312.0), 
MARAVELICA -> MONTEAURORA (peso:460.0), BOSQUEMONTE (peso:164.0), TERRAVIVA (peso:456.0), 
PIEDRALUNA -> 
VALLEVERDE -> 
MONTEAURORA -> 
FUENTELUZ -> 
VENTISQUERO ALTO -> 
CIELOFLOR -> 

3. TUBERIAS (DETALLE):
{(NEUFUEN -> SOLANDINA)=Tuberia [T-02] Estado: ACTIVO, Caudal: 150.0-387.0, Diametro: 600.0, (NEUFUEN -> BOSQUEMONTE)=Tuberia [T-04] Estado: EN REPARACIÓN, Caudal: 50.0-148.0, Diametro: 300.0, (CUPRAL-CO -> VALLEVERDE)=Tuberia [T-07] Estado: EN DISEÑO, Caudal: 120.0-268.0, Diametro: 450.0, (MARAVELICA -> BOSQUEMONTE)=Tuberia [T-09] Estado: ACTIVO, Caudal: 60.0-164.0, Diametro: 350.0, (CUPRAL-CO -> PIEDRALUNA)=Tuberia [T-05] Estado: ACTIVO, Caudal: 100.0-312.0, Diametro: 400.0, (NEUFUEN -> RIONEGRA)=Tuberia [T-01] Estado: ACTIVO, Caudal: 100.0-274.0, Diametro: 500.0, (NEUFUEN -> TERRAVIVA)=Tuberia [T-03] Estado: ACTIVO, Caudal: 200.0-443.0, Diametro: 700.0, (MARAVELICA -> MONTEAURORA)=Tuberia [T-10] Estado: INACTIVO, Caudal: 200.0-460.0, Diametro: 700.0, (SOLANDINA -> MONTEAURORA)=Tuberia [T-12] Estado: ACTIVO, Caudal: 110.0-290.0, Diametro: 420.0, (CUPRAL-CO -> TERRAVIVA)=Tuberia [T-06] Estado: ACTIVO, Caudal: 150.0-431.0, Diametro: 550.0, (MARAVELICA -> TERRAVIVA)=Tuberia [T-08] Estado: ACTIVO, Caudal: 180.0-456.0, Diametro: 600.0, (RIONEGRA -> VENTISQUERO ALTO)=Tuberia [T-11] Estado: ACTIVO, Caudal: 100.0-300.0, Diametro: 400.0}
[2026/01/30 15:13:11] Operación: Generación de Ranking de Consumo.
[2026/01/30 15:13:26] Operación: Consulta de camino mínimo entre NEUFUEN y VENTISQUERO ALTO
[2026/01/30 15:14:37] Baja: Se eliminó la ciudad PIEDRALUNA
[2026/01/30 15:15:15] Actualización: Habitantes de NEUFUEN a 1
[2026/01/30 15:15:25] Modificación: Consumo de NEUFUEN cambiado a 0.1
[2026/01/30 15:15:45] Consulta: Camino Caudal Pleno NEUFUEN -> RIONEGRA
[2026/01/30 15:16:56] Alta Manual: Ciudad CINCO CHALTOS
[2026/01/30 15:17:25] Consulta: Camino NEUFUEN -> VENTISQUERO ALTO evitando RIONEGRA
[2026/01/30 15:17:47] Consulta: Caminos NEUFUEN -> VENTISQUERO ALTO con capacidad >= 10000.0
[2026/01/30 15:18:09] Consulta: Caminos NEUFUEN -> VENTISQUERO ALTO con capacidad >= 0.0
[2026/01/30 15:18:18] Operación: Fin de ejecución.
[2026/01/30 15:18:18] --- ESTADO FINAL DEL SISTEMA ---
[2026/01/30 15:18:18] === ESTADO DEL SISTEMA ===
1. CIUDADES (AVL):
RIONEGRA (Alt: 4) HI: MARAVELICA HD: TERRAVIVA
MARAVELICA (Alt: 3) HI: CUPRAL-CO HD: NEUFUEN
CUPRAL-CO (Alt: 2) HI: CIELOFLOR HD: FUENTELUZ
CIELOFLOR (Alt: 1) HI: BOSQUEMONTE HD: CINCO CHALTOS
BOSQUEMONTE (Alt: 0) HI: - HD: -
CINCO CHALTOS (Alt: 0) HI: - HD: -
FUENTELUZ (Alt: 0) HI: - HD: -
NEUFUEN (Alt: 1) HI: MONTEAURORA HD: -
MONTEAURORA (Alt: 0) HI: - HD: -
TERRAVIVA (Alt: 2) HI: SOLANDINA HD: VALLEVERDE
SOLANDINA (Alt: 0) HI: - HD: -
VALLEVERDE (Alt: 1) HI: - HD: VENTISQUERO ALTO
VENTISQUERO ALTO (Alt: 0) HI: - HD: -

2. RED (GRAFO):
NEUFUEN -> BOSQUEMONTE (peso:148.0), TERRAVIVA (peso:443.0), SOLANDINA (peso:387.0), RIONEGRA (peso:274.0), 
RIONEGRA -> VENTISQUERO ALTO (peso:300.0), 
SOLANDINA -> MONTEAURORA (peso:290.0), 
TERRAVIVA -> 
BOSQUEMONTE -> 
CUPRAL-CO -> VALLEVERDE (peso:268.0), TERRAVIVA (peso:431.0), PIEDRALUNA (peso:312.0), 
MARAVELICA -> MONTEAURORA (peso:460.0), BOSQUEMONTE (peso:164.0), TERRAVIVA (peso:456.0), 
PIEDRALUNA -> 
VALLEVERDE -> 
MONTEAURORA -> 
FUENTELUZ -> 
VENTISQUERO ALTO -> 
CIELOFLOR -> 
CINCO CHALTOS -> 

3. TUBERIAS (DETALLE):
{(NEUFUEN -> SOLANDINA)=Tuberia [T-02] Estado: ACTIVO, Caudal: 150.0-387.0, Diametro: 600.0, (NEUFUEN -> BOSQUEMONTE)=Tuberia [T-04] Estado: EN REPARACIÓN, Caudal: 50.0-148.0, Diametro: 300.0, (CUPRAL-CO -> VALLEVERDE)=Tuberia [T-07] Estado: EN DISEÑO, Caudal: 120.0-268.0, Diametro: 450.0, (MARAVELICA -> BOSQUEMONTE)=Tuberia [T-09] Estado: ACTIVO, Caudal: 60.0-164.0, Diametro: 350.0, (CUPRAL-CO -> PIEDRALUNA)=Tuberia [T-05] Estado: ACTIVO, Caudal: 100.0-312.0, Diametro: 400.0, (NEUFUEN -> RIONEGRA)=Tuberia [T-01] Estado: ACTIVO, Caudal: 100.0-274.0, Diametro: 500.0, (NEUFUEN -> TERRAVIVA)=Tuberia [T-03] Estado: ACTIVO, Caudal: 200.0-443.0, Diametro: 700.0, (MARAVELICA -> MONTEAURORA)=Tuberia [T-10] Estado: INACTIVO, Caudal: 200.0-460.0, Diametro: 700.0, (SOLANDINA -> MONTEAURORA)=Tuberia [T-12] Estado: ACTIVO, Caudal: 110.0-290.0, Diametro: 420.0, (CUPRAL-CO -> TERRAVIVA)=Tuberia [T-06] Estado: ACTIVO, Caudal: 150.0-431.0, Diametro: 550.0, (MARAVELICA -> TERRAVIVA)=Tuberia [T-08] Estado: ACTIVO, Caudal: 180.0-456.0, Diametro: 600.0, (RIONEGRA -> VENTISQUERO ALTO)=Tuberia [T-11] Estado: ACTIVO, Caudal: 100.0-300.0, Diametro: 400.0}
[2026/01/31 01:41:51] Operación: Carga inicial de datos completada.
[2026/01/31 01:41:51] --- ESTADO INICIAL DEL SISTEMA ---
[2026/01/31 01:41:52] === ESTADO DEL SISTEMA ===
1. CIUDADES (AVL):
RIONEGRA (Alt: 4) HI: MARAVELICA HD: TERRAVIVA
MARAVELICA (Alt: 3) HI: CUPRAL-CO HD: NEUFUEN
CUPRAL-CO (Alt: 2) HI: BOSQUEMONTE HD: FUENTELUZ
BOSQUEMONTE (Alt: 1) HI: - HD: CIELOFLOR
CIELOFLOR (Alt: 0) HI: - HD: -
FUENTELUZ (Alt: 0) HI: - HD: -
NEUFUEN (Alt: 1) HI: MONTEAURORA HD: PIEDRALUNA
MONTEAURORA (Alt: 0) HI: - HD: -
PIEDRALUNA (Alt: 0) HI: - HD: -
TERRAVIVA (Alt: 2) HI: SOLANDINA HD: VALLEVERDE
SOLANDINA (Alt: 0) HI: - HD: -
VALLEVERDE (Alt: 1) HI: - HD: VENTISQUERO ALTO
VENTISQUERO ALTO (Alt: 0) HI: - HD: -

2. RED (GRAFO):
NEUFUEN -> BOSQUEMONTE (peso:148.0), TERRAVIVA (peso:443.0), SOLANDINA (peso:387.0), RIONEGRA (peso:274.0), 
RIONEGRA -> VENTISQUERO ALTO (peso:300.0), 
SOLANDINA -> MONTEAURORA (peso:290.0), 
TERRAVIVA -> 
BOSQUEMONTE -> 
CUPRAL-CO -> VALLEVERDE (peso:268.0), TERRAVIVA (peso:431.0), PIEDRALUNA (peso:312.0), 
MARAVELICA -> MONTEAURORA (peso:460.0), BOSQUEMONTE (peso:164.0), TERRAVIVA (peso:456.0), 
PIEDRALUNA -> 
VALLEVERDE -> 
MONTEAURORA -> 
FUENTELUZ -> 
VENTISQUERO ALTO -> 
CIELOFLOR -> 

3. TUBERIAS (DETALLE):
{(NEUFUEN -> SOLANDINA)=Tuberia [T-02] Estado: ACTIVO, Caudal: 150.0-387.0, Diametro: 600.0, (NEUFUEN -> BOSQUEMONTE)=Tuberia [T-04] Estado: EN REPARACIÓN, Caudal: 50.0-148.0, Diametro: 300.0, (CUPRAL-CO -> VALLEVERDE)=Tuberia [T-07] Estado: EN DISEÑO, Caudal: 120.0-268.0, Diametro: 450.0, (MARAVELICA -> BOSQUEMONTE)=Tuberia [T-09] Estado: ACTIVO, Caudal: 60.0-164.0, Diametro: 350.0, (CUPRAL-CO -> PIEDRALUNA)=Tuberia [T-05] Estado: ACTIVO, Caudal: 100.0-312.0, Diametro: 400.0, (NEUFUEN -> RIONEGRA)=Tuberia [T-01] Estado: ACTIVO, Caudal: 100.0-274.0, Diametro: 500.0, (NEUFUEN -> TERRAVIVA)=Tuberia [T-03] Estado: ACTIVO, Caudal: 200.0-443.0, Diametro: 700.0, (MARAVELICA -> MONTEAURORA)=Tuberia [T-10] Estado: INACTIVO, Caudal: 200.0-460.0, Diametro: 700.0, (SOLANDINA -> MONTEAURORA)=Tuberia [T-12] Estado: ACTIVO, Caudal: 110.0-290.0, Diametro: 420.0, (CUPRAL-CO -> TERRAVIVA)=Tuberia [T-06] Estado: ACTIVO, Caudal: 150.0-431.0, Diametro: 550.0, (MARAVELICA -> TERRAVIVA)=Tuberia [T-08] Estado: ACTIVO, Caudal: 180.0-456.0, Diametro: 600.0, (RIONEGRA -> VENTISQUERO ALTO)=Tuberia [T-11] Estado: ACTIVO, Caudal: 100.0-300.0, Diametro: 400.0}
[2026/01/31 01:46:48] Operación: Carga inicial de datos completada.
[2026/01/31 01:46:48] --- ESTADO INICIAL DEL SISTEMA ---
[2026/01/31 01:46:48] === ESTADO DEL SISTEMA ===
1. CIUDADES (AVL):
RIONEGRA (Alt: 4) HI: MARAVELICA HD: TERRAVIVA
MARAVELICA (Alt: 3) HI: CUPRAL-CO HD: NEUFUEN
CUPRAL-CO (Alt: 2) HI: BOSQUEMONTE HD: FUENTELUZ
BOSQUEMONTE (Alt: 1) HI: - HD: CIELOFLOR
CIELOFLOR (Alt: 0) HI: - HD: -
FUENTELUZ (Alt: 0) HI: - HD: -
NEUFUEN (Alt: 1) HI: MONTEAURORA HD: PIEDRALUNA
MONTEAURORA (Alt: 0) HI: - HD: -
PIEDRALUNA (Alt: 0) HI: - HD: -
TERRAVIVA (Alt: 2) HI: SOLANDINA HD: VALLEVERDE
SOLANDINA (Alt: 0) HI: - HD: -
VALLEVERDE (Alt: 1) HI: - HD: VENTISQUERO ALTO
VENTISQUERO ALTO (Alt: 0) HI: - HD: -

2. RED (GRAFO):
NEUFUEN -> BOSQUEMONTE (peso:148.0), TERRAVIVA (peso:443.0), SOLANDINA (peso:387.0), RIONEGRA (peso:274.0), 
RIONEGRA -> VENTISQUERO ALTO (peso:300.0), 
SOLANDINA -> MONTEAURORA (peso:290.0), 
TERRAVIVA -> 
BOSQUEMONTE -> 
CUPRAL-CO -> VALLEVERDE (peso:268.0), TERRAVIVA (peso:431.0), PIEDRALUNA (peso:312.0), 
MARAVELICA -> MONTEAURORA (peso:460.0), BOSQUEMONTE (peso:164.0), TERRAVIVA (peso:456.0), 
PIEDRALUNA -> 
VALLEVERDE -> 
MONTEAURORA -> 
FUENTELUZ -> 
VENTISQUERO ALTO -> 
CIELOFLOR -> 

3. TUBERIAS (DETALLE):
{(NEUFUEN -> SOLANDINA)=Tuberia [T-02] Estado: ACTIVO, Caudal: 150.0-387.0, Diametro: 600.0, (NEUFUEN -> BOSQUEMONTE)=Tuberia [T-04] Estado: EN REPARACIÓN, Caudal: 50.0-148.0, Diametro: 300.0, (CUPRAL-CO -> VALLEVERDE)=Tuberia [T-07] Estado: EN DISEÑO, Caudal: 120.0-268.0, Diametro: 450.0, (MARAVELICA -> BOSQUEMONTE)=Tuberia [T-09] Estado: ACTIVO, Caudal: 60.0-164.0, Diametro: 350.0, (CUPRAL-CO -> PIEDRALUNA)=Tuberia [T-05] Estado: ACTIVO, Caudal: 100.0-312.0, Diametro: 400.0, (NEUFUEN -> RIONEGRA)=Tuberia [T-01] Estado: ACTIVO, Caudal: 100.0-274.0, Diametro: 500.0, (NEUFUEN -> TERRAVIVA)=Tuberia [T-03] Estado: ACTIVO, Caudal: 200.0-443.0, Diametro: 700.0, (MARAVELICA -> MONTEAURORA)=Tuberia [T-10] Estado: INACTIVO, Caudal: 200.0-460.0, Diametro: 700.0, (SOLANDINA -> MONTEAURORA)=Tuberia [T-12] Estado: ACTIVO, Caudal: 110.0-290.0, Diametro: 420.0, (CUPRAL-CO -> TERRAVIVA)=Tuberia [T-06] Estado: ACTIVO, Caudal: 150.0-431.0, Diametro: 550.0, (MARAVELICA -> TERRAVIVA)=Tuberia [T-08] Estado: ACTIVO, Caudal: 180.0-456.0, Diametro: 600.0, (RIONEGRA -> VENTISQUERO ALTO)=Tuberia [T-11] Estado: ACTIVO, Caudal: 100.0-300.0, Diametro: 400.0}
[2026/01/31 13:29:41] Operación: Carga inicial de datos completada.
[2026/01/31 13:29:41] --- ESTADO INICIAL DEL SISTEMA ---
[2026/01/31 13:29:41] === ESTADO DEL SISTEMA ===
1. CIUDADES (AVL):
RIONEGRA (Alt: 4) HI: MARAVELICA HD: TERRAVIVA
MARAVELICA (Alt: 3) HI: CUPRAL-CO HD: NEUFUEN
CUPRAL-CO (Alt: 2) HI: BOSQUEMONTE HD: FUENTELUZ
BOSQUEMONTE (Alt: 1) HI: - HD: CIELOFLOR
CIELOFLOR (Alt: 0) HI: - HD: -
FUENTELUZ (Alt: 0) HI: - HD: -
NEUFUEN (Alt: 1) HI: MONTEAURORA HD: PIEDRALUNA
MONTEAURORA (Alt: 0) HI: - HD: -
PIEDRALUNA (Alt: 0) HI: - HD: -
TERRAVIVA (Alt: 2) HI: SOLANDINA HD: VALLEVERDE
SOLANDINA (Alt: 0) HI: - HD: -
VALLEVERDE (Alt: 1) HI: - HD: VENTISQUERO ALTO
VENTISQUERO ALTO (Alt: 0) HI: - HD: -

2. RED (GRAFO):
NEUFUEN -> BOSQUEMONTE (peso:148.0), TERRAVIVA (peso:443.0), SOLANDINA (peso:387.0), RIONEGRA (peso:274.0), 
RIONEGRA -> VENTISQUERO ALTO (peso:300.0), 
SOLANDINA -> MONTEAURORA (peso:290.0), 
TERRAVIVA -> 
BOSQUEMONTE -> 
CUPRAL-CO -> VALLEVERDE (peso:268.0), TERRAVIVA (peso:431.0), PIEDRALUNA (peso:312.0), 
MARAVELICA -> MONTEAURORA (peso:460.0), BOSQUEMONTE (peso:164.0), TERRAVIVA (peso:456.0), 
PIEDRALUNA -> 
VALLEVERDE -> 
MONTEAURORA -> 
FUENTELUZ -> 
VENTISQUERO ALTO -> 
CIELOFLOR -> 

3. TUBERIAS (DETALLE):
{(NEUFUEN -> SOLANDINA)=Tuberia [T-02] Estado: ACTIVO, Caudal: 150.0-387.0, Diametro: 600.0, (NEUFUEN -> BOSQUEMONTE)=Tuberia [T-04] Estado: EN REPARACIÓN, Caudal: 50.0-148.0, Diametro: 300.0, (CUPRAL-CO -> VALLEVERDE)=Tuberia [T-07] Estado: EN DISEÑO, Caudal: 120.0-268.0, Diametro: 450.0, (MARAVELICA -> BOSQUEMONTE)=Tuberia [T-09] Estado: ACTIVO, Caudal: 60.0-164.0, Diametro: 350.0, (CUPRAL-CO -> PIEDRALUNA)=Tuberia [T-05] Estado: ACTIVO, Caudal: 100.0-312.0, Diametro: 400.0, (NEUFUEN -> RIONEGRA)=Tuberia [T-01] Estado: ACTIVO, Caudal: 100.0-274.0, Diametro: 500.0, (NEUFUEN -> TERRAVIVA)=Tuberia [T-03] Estado: ACTIVO, Caudal: 200.0-443.0, Diametro: 700.0, (MARAVELICA -> MONTEAURORA)=Tuberia [T-10] Estado: INACTIVO, Caudal: 200.0-460.0, Diametro: 700.0, (SOLANDINA -> MONTEAURORA)=Tuberia [T-12] Estado: ACTIVO, Caudal: 110.0-290.0, Diametro: 420.0, (CUPRAL-CO -> TERRAVIVA)=Tuberia [T-06] Estado: ACTIVO, Caudal: 150.0-431.0, Diametro: 550.0, (MARAVELICA -> TERRAVIVA)=Tuberia [T-08] Estado: ACTIVO, Caudal: 180.0-456.0, Diametro: 600.0, (RIONEGRA -> VENTISQUERO ALTO)=Tuberia [T-11] Estado: ACTIVO, Caudal: 100.0-300.0, Diametro: 400.0}
[2026/01/31 15:20:53] Operación: Carga inicial de datos completada.
[2026/01/31 15:20:53] --- ESTADO INICIAL DEL SISTEMA ---
[2026/01/31 15:20:53] === ESTADO DEL SISTEMA ===
1. CIUDADES (AVL):
RIONEGRA (Alt: 4) HI: MARAVELICA HD: TERRAVIVA
MARAVELICA (Alt: 3) HI: CUPRAL-CO HD: NEUFUEN
CUPRAL-CO (Alt: 2) HI: BOSQUEMONTE HD: FUENTELUZ
BOSQUEMONTE (Alt: 1) HI: - HD: CIELOFLOR
CIELOFLOR (Alt: 0) HI: - HD: -
FUENTELUZ (Alt: 0) HI: - HD: -
NEUFUEN (Alt: 1) HI: MONTEAURORA HD: PIEDRALUNA
MONTEAURORA (Alt: 0) HI: - HD: -
PIEDRALUNA (Alt: 0) HI: - HD: -
TERRAVIVA (Alt: 2) HI: SOLANDINA HD: VALLEVERDE
SOLANDINA (Alt: 0) HI: - HD: -
VALLEVERDE (Alt: 1) HI: - HD: VENTISQUERO ALTO
VENTISQUERO ALTO (Alt: 0) HI: - HD: -

2. RED (GRAFO):
NEUFUEN -> BOSQUEMONTE (peso:148.0), TERRAVIVA (peso:443.0), SOLANDINA (peso:387.0), RIONEGRA (peso:274.0), 
RIONEGRA -> VENTISQUERO ALTO (peso:300.0), 
SOLANDINA -> MONTEAURORA (peso:290.0), 
TERRAVIVA -> 
BOSQUEMONTE -> 
CUPRAL-CO -> VALLEVERDE (peso:268.0), TERRAVIVA (peso:431.0), PIEDRALUNA (peso:312.0), 
MARAVELICA -> MONTEAURORA (peso:460.0), BOSQUEMONTE (peso:164.0), TERRAVIVA (peso:456.0), 
PIEDRALUNA -> MARAVELICA (peso:320.0), 
VALLEVERDE -> 
MONTEAURORA -> 
FUENTELUZ -> 
VENTISQUERO ALTO -> CIELOFLOR (peso:250.0), 
CIELOFLOR -> NEUFUEN (peso:400.0), 

3. TUBERIAS (DETALLE):
{(PIEDRALUNA -> MARAVELICA)=Tuberia [T-15] Estado: ACTIVO, Caudal: 120.0-320.0, Diametro: 450.0, (CUPRAL-CO -> VALLEVERDE)=Tuberia [T-07] Estado: EN DISEÑO, Caudal: 120.0-268.0, Diametro: 450.0, (MARAVELICA -> BOSQUEMONTE)=Tuberia [T-09] Estado: ACTIVO, Caudal: 60.0-164.0, Diametro: 350.0, (NEUFUEN -> RIONEGRA)=Tuberia [T-01] Estado: ACTIVO, Caudal: 100.0-274.0, Diametro: 500.0, (CIELOFLOR -> NEUFUEN)=Tuberia [T-13] Estado: ACTIVO, Caudal: 150.0-400.0, Diametro: 500.0, (RIONEGRA -> VENTISQUERO ALTO)=Tuberia [T-11] Estado: ACTIVO, Caudal: 100.0-300.0, Diametro: 400.0, (NEUFUEN -> SOLANDINA)=Tuberia [T-02] Estado: ACTIVO, Caudal: 150.0-387.0, Diametro: 600.0, (NEUFUEN -> BOSQUEMONTE)=Tuberia [T-04] Estado: EN REPARACIÓN, Caudal: 50.0-148.0, Diametro: 300.0, (CUPRAL-CO -> PIEDRALUNA)=Tuberia [T-05] Estado: ACTIVO, Caudal: 100.0-312.0, Diametro: 400.0, (VENTISQUERO ALTO -> CIELOFLOR)=Tuberia [T-14] Estado: ACTIVO, Caudal: 100.0-250.0, Diametro: 400.0, (NEUFUEN -> TERRAVIVA)=Tuberia [T-03] Estado: ACTIVO, Caudal: 200.0-443.0, Diametro: 700.0, (MARAVELICA -> MONTEAURORA)=Tuberia [T-10] Estado: INACTIVO, Caudal: 200.0-460.0, Diametro: 700.0, (SOLANDINA -> MONTEAURORA)=Tuberia [T-12] Estado: ACTIVO, Caudal: 110.0-290.0, Diametro: 420.0, (CUPRAL-CO -> TERRAVIVA)=Tuberia [T-06] Estado: ACTIVO, Caudal: 150.0-431.0, Diametro: 550.0, (MARAVELICA -> TERRAVIVA)=Tuberia [T-08] Estado: ACTIVO, Caudal: 180.0-456.0, Diametro: 600.0}
[2026/01/31 16:42:14] Operación: Carga inicial de datos completada.
[2026/01/31 16:42:14] --- ESTADO INICIAL DEL SISTEMA ---
[2026/01/31 16:42:14] === ESTADO DEL SISTEMA ===
1. CIUDADES (AVL):
RIONEGRA (Alt: 4) HI: MARAVELICA HD: TERRAVIVA
MARAVELICA (Alt: 3) HI: CUPRAL-CO HD: NEUFUEN
CUPRAL-CO (Alt: 2) HI: BOSQUEMONTE HD: FUENTELUZ
BOSQUEMONTE (Alt: 1) HI: - HD: CIELOFLOR
CIELOFLOR (Alt: 0) HI: - HD: -
FUENTELUZ (Alt: 0) HI: - HD: -
NEUFUEN (Alt: 1) HI: MONTEAURORA HD: PIEDRALUNA
MONTEAURORA (Alt: 0) HI: - HD: -
PIEDRALUNA (Alt: 0) HI: - HD: -
TERRAVIVA (Alt: 2) HI: SOLANDINA HD: VALLEVERDE
SOLANDINA (Alt: 0) HI: - HD: -
VALLEVERDE (Alt: 1) HI: - HD: VENTISQUERO ALTO
VENTISQUERO ALTO (Alt: 0) HI: - HD: -

2. RED (GRAFO):
NEUFUEN -> BOSQUEMONTE (peso:148.0), TERRAVIVA (peso:443.0), SOLANDINA (peso:387.0), RIONEGRA (peso:274.0), 
RIONEGRA -> VENTISQUERO ALTO (peso:300.0), 
SOLANDINA -> MONTEAURORA (peso:290.0), 
TERRAVIVA -> 
BOSQUEMONTE -> 
CUPRAL-CO -> VALLEVERDE (peso:268.0), TERRAVIVA (peso:431.0), PIEDRALUNA (peso:312.0), 
MARAVELICA -> MONTEAURORA (peso:460.0), BOSQUEMONTE (peso:164.0), TERRAVIVA (peso:456.0), 
PIEDRALUNA -> MARAVELICA (peso:320.0), 
VALLEVERDE -> 
MONTEAURORA -> 
FUENTELUZ -> 
VENTISQUERO ALTO -> CIELOFLOR (peso:250.0), 
CIELOFLOR -> NEUFUEN (peso:400.0), 

3. TUBERIAS (DETALLE):
{(PIEDRALUNA -> MARAVELICA)=Tuberia [T-15] Estado: ACTIVO, Caudal: 120.0-320.0, Diametro: 450.0, (CUPRAL-CO -> VALLEVERDE)=Tuberia [T-07] Estado: EN DISEÑO, Caudal: 120.0-268.0, Diametro: 450.0, (MARAVELICA -> BOSQUEMONTE)=Tuberia [T-09] Estado: ACTIVO, Caudal: 60.0-164.0, Diametro: 350.0, (NEUFUEN -> RIONEGRA)=Tuberia [T-01] Estado: ACTIVO, Caudal: 100.0-274.0, Diametro: 500.0, (CIELOFLOR -> NEUFUEN)=Tuberia [T-13] Estado: ACTIVO, Caudal: 150.0-400.0, Diametro: 500.0, (RIONEGRA -> VENTISQUERO ALTO)=Tuberia [T-11] Estado: ACTIVO, Caudal: 100.0-300.0, Diametro: 400.0, (NEUFUEN -> SOLANDINA)=Tuberia [T-02] Estado: ACTIVO, Caudal: 150.0-387.0, Diametro: 600.0, (NEUFUEN -> BOSQUEMONTE)=Tuberia [T-04] Estado: EN REPARACIÓN, Caudal: 50.0-148.0, Diametro: 300.0, (CUPRAL-CO -> PIEDRALUNA)=Tuberia [T-05] Estado: ACTIVO, Caudal: 100.0-312.0, Diametro: 400.0, (VENTISQUERO ALTO -> CIELOFLOR)=Tuberia [T-14] Estado: ACTIVO, Caudal: 100.0-250.0, Diametro: 400.0, (NEUFUEN -> TERRAVIVA)=Tuberia [T-03] Estado: ACTIVO, Caudal: 200.0-443.0, Diametro: 700.0, (MARAVELICA -> MONTEAURORA)=Tuberia [T-10] Estado: INACTIVO, Caudal: 200.0-460.0, Diametro: 700.0, (SOLANDINA -> MONTEAURORA)=Tuberia [T-12] Estado: ACTIVO, Caudal: 110.0-290.0, Diametro: 420.0, (CUPRAL-CO -> TERRAVIVA)=Tuberia [T-06] Estado: ACTIVO, Caudal: 150.0-431.0, Diametro: 550.0, (MARAVELICA -> TERRAVIVA)=Tuberia [T-08] Estado: ACTIVO, Caudal: 180.0-456.0, Diametro: 600.0}
[2026/02/02 09:18:57] Operación: Carga inicial de datos completada.
[2026/02/02 09:18:57] --- ESTADO INICIAL DEL SISTEMA ---
[2026/02/02 09:18:57] === ESTADO DEL SISTEMA ===
1. CIUDADES (AVL):
RIONEGRA (Alt: 4) HI: MARAVELICA HD: TERRAVIVA
MARAVELICA (Alt: 3) HI: CUPRAL-CO HD: NEUFUEN
CUPRAL-CO (Alt: 2) HI: BOSQUEMONTE HD: FUENTELUZ
BOSQUEMONTE (Alt: 1) HI: - HD: CIELOFLOR
CIELOFLOR (Alt: 0) HI: - HD: -
FUENTELUZ (Alt: 0) HI: - HD: -
NEUFUEN (Alt: 1) HI: MONTEAURORA HD: PIEDRALUNA
MONTEAURORA (Alt: 0) HI: - HD: -
PIEDRALUNA (Alt: 0) HI: - HD: -
TERRAVIVA (Alt: 2) HI: SOLANDINA HD: VALLEVERDE
SOLANDINA (Alt: 0) HI: - HD: -
VALLEVERDE (Alt: 1) HI: - HD: VENTISQUERO ALTO
VENTISQUERO ALTO (Alt: 0) HI: - HD: -

2. RED (GRAFO):
NEUFUEN -> BOSQUEMONTE (peso:148.0), TERRAVIVA (peso:443.0), SOLANDINA (peso:387.0), RIONEGRA (peso:274.0), 
RIONEGRA -> VENTISQUERO ALTO (peso:300.0), 
SOLANDINA -> MONTEAURORA (peso:290.0), 
TERRAVIVA -> 
BOSQUEMONTE -> 
CUPRAL-CO -> VALLEVERDE (peso:268.0), TERRAVIVA (peso:431.0), PIEDRALUNA (peso:312.0), 
MARAVELICA -> MONTEAURORA (peso:460.0), BOSQUEMONTE (peso:164.0), TERRAVIVA (peso:456.0), 
PIEDRALUNA -> MARAVELICA (peso:320.0), 
VALLEVERDE -> 
MONTEAURORA -> 
FUENTELUZ -> 
VENTISQUERO ALTO -> CIELOFLOR (peso:250.0), 
CIELOFLOR -> NEUFUEN (peso:400.0), 

3. TUBERIAS (DETALLE):
{(PIEDRALUNA -> MARAVELICA)=Tuberia [T-15] Estado: ACTIVO, Caudal: 120.0-320.0, Diametro: 450.0, (CUPRAL-CO -> VALLEVERDE)=Tuberia [T-07] Estado: EN DISEÑO, Caudal: 120.0-268.0, Diametro: 450.0, (MARAVELICA -> BOSQUEMONTE)=Tuberia [T-09] Estado: ACTIVO, Caudal: 60.0-164.0, Diametro: 350.0, (NEUFUEN -> RIONEGRA)=Tuberia [T-01] Estado: ACTIVO, Caudal: 100.0-274.0, Diametro: 500.0, (CIELOFLOR -> NEUFUEN)=Tuberia [T-13] Estado: ACTIVO, Caudal: 150.0-400.0, Diametro: 500.0, (RIONEGRA -> VENTISQUERO ALTO)=Tuberia [T-11] Estado: ACTIVO, Caudal: 100.0-300.0, Diametro: 400.0, (NEUFUEN -> SOLANDINA)=Tuberia [T-02] Estado: ACTIVO, Caudal: 150.0-387.0, Diametro: 600.0, (NEUFUEN -> BOSQUEMONTE)=Tuberia [T-04] Estado: EN REPARACIÓN, Caudal: 50.0-148.0, Diametro: 300.0, (CUPRAL-CO -> PIEDRALUNA)=Tuberia [T-05] Estado: ACTIVO, Caudal: 100.0-312.0, Diametro: 400.0, (VENTISQUERO ALTO -> CIELOFLOR)=Tuberia [T-14] Estado: ACTIVO, Caudal: 100.0-250.0, Diametro: 400.0, (NEUFUEN -> TERRAVIVA)=Tuberia [T-03] Estado: ACTIVO, Caudal: 200.0-443.0, Diametro: 700.0, (MARAVELICA -> MONTEAURORA)=Tuberia [T-10] Estado: INACTIVO, Caudal: 200.0-460.0, Diametro: 700.0, (SOLANDINA -> MONTEAURORA)=Tuberia [T-12] Estado: ACTIVO, Caudal: 110.0-290.0, Diametro: 420.0, (CUPRAL-CO -> TERRAVIVA)=Tuberia [T-06] Estado: ACTIVO, Caudal: 150.0-431.0, Diametro: 550.0, (MARAVELICA -> TERRAVIVA)=Tuberia [T-08] Estado: ACTIVO, Caudal: 180.0-456.0, Diametro: 600.0}
[2026/02/02 09:20:08] Operación: Fin de ejecución.
[2026/02/02 09:20:08] --- ESTADO FINAL DEL SISTEMA ---
[2026/02/02 09:20:08] === ESTADO DEL SISTEMA ===
1. CIUDADES (AVL):
RIONEGRA (Alt: 4) HI: MARAVELICA HD: TERRAVIVA
MARAVELICA (Alt: 3) HI: CUPRAL-CO HD: NEUFUEN
CUPRAL-CO (Alt: 2) HI: BOSQUEMONTE HD: FUENTELUZ
BOSQUEMONTE (Alt: 1) HI: - HD: CIELOFLOR
CIELOFLOR (Alt: 0) HI: - HD: -
FUENTELUZ (Alt: 0) HI: - HD: -
NEUFUEN (Alt: 1) HI: MONTEAURORA HD: PIEDRALUNA
MONTEAURORA (Alt: 0) HI: - HD: -
PIEDRALUNA (Alt: 0) HI: - HD: -
TERRAVIVA (Alt: 2) HI: SOLANDINA HD: VALLEVERDE
SOLANDINA (Alt: 0) HI: - HD: -
VALLEVERDE (Alt: 1) HI: - HD: VENTISQUERO ALTO
VENTISQUERO ALTO (Alt: 0) HI: - HD: -

2. RED (GRAFO):
NEUFUEN -> BOSQUEMONTE (peso:148.0), TERRAVIVA (peso:443.0), SOLANDINA (peso:387.0), RIONEGRA (peso:274.0), 
RIONEGRA -> VENTISQUERO ALTO (peso:300.0), 
SOLANDINA -> MONTEAURORA (peso:290.0), 
TERRAVIVA -> 
BOSQUEMONTE -> 
CUPRAL-CO -> VALLEVERDE (peso:268.0), TERRAVIVA (peso:431.0), PIEDRALUNA (peso:312.0), 
MARAVELICA -> MONTEAURORA (peso:460.0), BOSQUEMONTE (peso:164.0), TERRAVIVA (peso:456.0), 
PIEDRALUNA -> MARAVELICA (peso:320.0), 
VALLEVERDE -> 
MONTEAURORA -> 
FUENTELUZ -> 
VENTISQUERO ALTO -> CIELOFLOR (peso:250.0), 
CIELOFLOR -> NEUFUEN (peso:400.0), 

3. TUBERIAS (DETALLE):
{(PIEDRALUNA -> MARAVELICA)=Tuberia [T-15] Estado: ACTIVO, Caudal: 120.0-320.0, Diametro: 450.0, (CUPRAL-CO -> VALLEVERDE)=Tuberia [T-07] Estado: EN DISEÑO, Caudal: 120.0-268.0, Diametro: 450.0, (MARAVELICA -> BOSQUEMONTE)=Tuberia [T-09] Estado: ACTIVO, Caudal: 60.0-164.0, Diametro: 350.0, (NEUFUEN -> RIONEGRA)=Tuberia [T-01] Estado: ACTIVO, Caudal: 100.0-274.0, Diametro: 500.0, (CIELOFLOR -> NEUFUEN)=Tuberia [T-13] Estado: ACTIVO, Caudal: 150.0-400.0, Diametro: 500.0, (RIONEGRA -> VENTISQUERO ALTO)=Tuberia [T-11] Estado: ACTIVO, Caudal: 100.0-300.0, Diametro: 400.0, (NEUFUEN -> SOLANDINA)=Tuberia [T-02] Estado: ACTIVO, Caudal: 150.0-387.0, Diametro: 600.0, (NEUFUEN -> BOSQUEMONTE)=Tuberia [T-04] Estado: EN REPARACIÓN, Caudal: 50.0-148.0, Diametro: 300.0, (CUPRAL-CO -> PIEDRALUNA)=Tuberia [T-05] Estado: ACTIVO, Caudal: 100.0-312.0, Diametro: 400.0, (VENTISQUERO ALTO -> CIELOFLOR)=Tuberia [T-14] Estado: ACTIVO, Caudal: 100.0-250.0, Diametro: 400.0, (NEUFUEN -> TERRAVIVA)=Tuberia [T-03] Estado: ACTIVO, Caudal: 200.0-443.0, Diametro: 700.0, (MARAVELICA -> MONTEAURORA)=Tuberia [T-10] Estado: INACTIVO, Caudal: 200.0-460.0, Diametro: 700.0, (SOLANDINA -> MONTEAURORA)=Tuberia [T-12] Estado: ACTIVO, Caudal: 110.0-290.0, Diametro: 420.0, (CUPRAL-CO -> TERRAVIVA)=Tuberia [T-06] Estado: ACTIVO, Caudal: 150.0-431.0, Diametro: 550.0, (MARAVELICA -> TERRAVIVA)=Tuberia [T-08] Estado: ACTIVO, Caudal: 180.0-456.0, Diametro: 600.0}
[2026/02/02 10:01:32] Operación: Carga inicial de datos completada.
[2026/02/02 10:01:32] --- ESTADO INICIAL DEL SISTEMA ---
[2026/02/02 10:01:32] === ESTADO DEL SISTEMA ===
1. CIUDADES (AVL):
RIONEGRA (Alt: 4) HI: MARAVELICA HD: TERRAVIVA
MARAVELICA (Alt: 3) HI: CUPRAL-CO HD: NEUFUEN
CUPRAL-CO (Alt: 2) HI: BOSQUEMONTE HD: FUENTELUZ
BOSQUEMONTE (Alt: 1) HI: - HD: CIELOFLOR
CIELOFLOR (Alt: 0) HI: - HD: -
FUENTELUZ (Alt: 0) HI: - HD: -
NEUFUEN (Alt: 1) HI: MONTEAURORA HD: PIEDRALUNA
MONTEAURORA (Alt: 0) HI: - HD: -
PIEDRALUNA (Alt: 0) HI: - HD: -
TERRAVIVA (Alt: 2) HI: SOLANDINA HD: VALLEVERDE
SOLANDINA (Alt: 0) HI: - HD: -
VALLEVERDE (Alt: 1) HI: - HD: VENTISQUERO ALTO
VENTISQUERO ALTO (Alt: 0) HI: - HD: -

2. RED (GRAFO):
NEUFUEN -> BOSQUEMONTE (peso:148.0), TERRAVIVA (peso:443.0), SOLANDINA (peso:387.0), RIONEGRA (peso:274.0), 
RIONEGRA -> VENTISQUERO ALTO (peso:300.0), 
SOLANDINA -> MONTEAURORA (peso:290.0), 
TERRAVIVA -> 
BOSQUEMONTE -> 
CUPRAL-CO -> VALLEVERDE (peso:268.0), TERRAVIVA (peso:431.0), PIEDRALUNA (peso:312.0), 
MARAVELICA -> MONTEAURORA (peso:460.0), BOSQUEMONTE (peso:164.0), TERRAVIVA (peso:456.0), 
PIEDRALUNA -> MARAVELICA (peso:320.0), 
VALLEVERDE -> 
MONTEAURORA -> 
FUENTELUZ -> 
VENTISQUERO ALTO -> CIELOFLOR (peso:250.0), 
CIELOFLOR -> NEUFUEN (peso:400.0), 

3. TUBERIAS (DETALLE):
{(PIEDRALUNA -> MARAVELICA)=Tuberia [T-15] Estado: ACTIVO, Caudal: 120.0-320.0, Diametro: 450.0, (CUPRAL-CO -> VALLEVERDE)=Tuberia [T-07] Estado: EN DISEÑO, Caudal: 120.0-268.0, Diametro: 450.0, (MARAVELICA -> BOSQUEMONTE)=Tuberia [T-09] Estado: ACTIVO, Caudal: 60.0-164.0, Diametro: 350.0, (NEUFUEN -> RIONEGRA)=Tuberia [T-01] Estado: ACTIVO, Caudal: 100.0-274.0, Diametro: 500.0, (CIELOFLOR -> NEUFUEN)=Tuberia [T-13] Estado: ACTIVO, Caudal: 150.0-400.0, Diametro: 500.0, (RIONEGRA -> VENTISQUERO ALTO)=Tuberia [T-11] Estado: ACTIVO, Caudal: 100.0-300.0, Diametro: 400.0, (NEUFUEN -> SOLANDINA)=Tuberia [T-02] Estado: ACTIVO, Caudal: 150.0-387.0, Diametro: 600.0, (NEUFUEN -> BOSQUEMONTE)=Tuberia [T-04] Estado: EN REPARACIÓN, Caudal: 50.0-148.0, Diametro: 300.0, (CUPRAL-CO -> PIEDRALUNA)=Tuberia [T-05] Estado: ACTIVO, Caudal: 100.0-312.0, Diametro: 400.0, (VENTISQUERO ALTO -> CIELOFLOR)=Tuberia [T-14] Estado: ACTIVO, Caudal: 100.0-250.0, Diametro: 400.0, (NEUFUEN -> TERRAVIVA)=Tuberia [T-03] Estado: ACTIVO, Caudal: 200.0-443.0, Diametro: 700.0, (MARAVELICA -> MONTEAURORA)=Tuberia [T-10] Estado: INACTIVO, Caudal: 200.0-460.0, Diametro: 700.0, (SOLANDINA -> MONTEAURORA)=Tuberia [T-12] Estado: ACTIVO, Caudal: 110.0-290.0, Diametro: 420.0, (CUPRAL-CO -> TERRAVIVA)=Tuberia [T-06] Estado: ACTIVO, Caudal: 150.0-431.0, Diametro: 550.0, (MARAVELICA -> TERRAVIVA)=Tuberia [T-08] Estado: ACTIVO, Caudal: 180.0-456.0, Diametro: 600.0}
[2026/02/02 10:37:57] Operación: Fin de ejecución.
[2026/02/02 10:37:57] --- ESTADO FINAL DEL SISTEMA ---
[2026/02/02 10:37:57] === ESTADO DEL SISTEMA ===
1. CIUDADES (AVL):
RIONEGRA (Alt: 4) HI: MARAVELICA HD: TERRAVIVA
MARAVELICA (Alt: 3) HI: CUPRAL-CO HD: NEUFUEN
CUPRAL-CO (Alt: 2) HI: BOSQUEMONTE HD: FUENTELUZ
BOSQUEMONTE (Alt: 1) HI: - HD: CIELOFLOR
CIELOFLOR (Alt: 0) HI: - HD: -
FUENTELUZ (Alt: 0) HI: - HD: -
NEUFUEN (Alt: 1) HI: MONTEAURORA HD: PIEDRALUNA
MONTEAURORA (Alt: 0) HI: - HD: -
PIEDRALUNA (Alt: 0) HI: - HD: -
TERRAVIVA (Alt: 2) HI: SOLANDINA HD: VALLEVERDE
SOLANDINA (Alt: 0) HI: - HD: -
VALLEVERDE (Alt: 1) HI: - HD: VENTISQUERO ALTO
VENTISQUERO ALTO (Alt: 0) HI: - HD: -

2. RED (GRAFO):
NEUFUEN -> BOSQUEMONTE (peso:148.0), TERRAVIVA (peso:443.0), SOLANDINA (peso:387.0), RIONEGRA (peso:274.0), 
RIONEGRA -> VENTISQUERO ALTO (peso:300.0), 
SOLANDINA -> MONTEAURORA (peso:290.0), 
TERRAVIVA -> 
BOSQUEMONTE -> 
CUPRAL-CO -> VALLEVERDE (peso:268.0), TERRAVIVA (peso:431.0), PIEDRALUNA (peso:312.0), 
MARAVELICA -> MONTEAURORA (peso:460.0), BOSQUEMONTE (peso:164.0), TERRAVIVA (peso:456.0), 
PIEDRALUNA -> MARAVELICA (peso:320.0), 
VALLEVERDE -> 
MONTEAURORA -> 
FUENTELUZ -> 
VENTISQUERO ALTO -> CIELOFLOR (peso:250.0), 
CIELOFLOR -> NEUFUEN (peso:400.0), 

3. TUBERIAS (DETALLE):
{(PIEDRALUNA -> MARAVELICA)=Tuberia [T-15] Estado: ACTIVO, Caudal: 120.0-320.0, Diametro: 450.0, (CUPRAL-CO -> VALLEVERDE)=Tuberia [T-07] Estado: EN DISEÑO, Caudal: 120.0-268.0, Diametro: 450.0, (MARAVELICA -> BOSQUEMONTE)=Tuberia [T-09] Estado: ACTIVO, Caudal: 60.0-164.0, Diametro: 350.0, (NEUFUEN -> RIONEGRA)=Tuberia [T-01] Estado: ACTIVO, Caudal: 100.0-274.0, Diametro: 500.0, (CIELOFLOR -> NEUFUEN)=Tuberia [T-13] Estado: ACTIVO, Caudal: 150.0-400.0, Diametro: 500.0, (RIONEGRA -> VENTISQUERO ALTO)=Tuberia [T-11] Estado: ACTIVO, Caudal: 100.0-300.0, Diametro: 400.0, (NEUFUEN -> SOLANDINA)=Tuberia [T-02] Estado: ACTIVO, Caudal: 150.0-387.0, Diametro: 600.0, (NEUFUEN -> BOSQUEMONTE)=Tuberia [T-04] Estado: EN REPARACIÓN, Caudal: 50.0-148.0, Diametro: 300.0, (CUPRAL-CO -> PIEDRALUNA)=Tuberia [T-05] Estado: ACTIVO, Caudal: 100.0-312.0, Diametro: 400.0, (VENTISQUERO ALTO -> CIELOFLOR)=Tuberia [T-14] Estado: ACTIVO, Caudal: 100.0-250.0, Diametro: 400.0, (NEUFUEN -> TERRAVIVA)=Tuberia [T-03] Estado: ACTIVO, Caudal: 200.0-443.0, Diametro: 700.0, (MARAVELICA -> MONTEAURORA)=Tuberia [T-10] Estado: INACTIVO, Caudal: 200.0-460.0, Diametro: 700.0, (SOLANDINA -> MONTEAURORA)=Tuberia [T-12] Estado: ACTIVO, Caudal: 110.0-290.0, Diametro: 420.0, (CUPRAL-CO -> TERRAVIVA)=Tuberia [T-06] Estado: ACTIVO, Caudal: 150.0-431.0, Diametro: 550.0, (MARAVELICA -> TERRAVIVA)=Tuberia [T-08] Estado: ACTIVO, Caudal: 180.0-456.0, Diametro: 600.0}
[2026/02/02 10:48:33] Operación: Carga inicial de datos completada.
[2026/02/02 10:48:33] --- ESTADO INICIAL DEL SISTEMA ---
[2026/02/02 10:48:33] === ESTADO DEL SISTEMA ===
1. CIUDADES (AVL):
Árbol AVL Vacío
2. RED (GRAFO):

3. TUBERIAS (DETALLE):
{}
[2026/02/02 10:49:26] Operación: Carga inicial de datos completada.
[2026/02/02 10:49:26] --- ESTADO INICIAL DEL SISTEMA ---
[2026/02/02 10:49:26] === ESTADO DEL SISTEMA ===
1. CIUDADES (AVL):
RIONEGRA (Alt: 4) HI: MARAVELICA HD: TERRAVIVA
MARAVELICA (Alt: 3) HI: CUPRAL-CO HD: NEUFUEN
CUPRAL-CO (Alt: 2) HI: BOSQUEMONTE HD: FUENTELUZ
BOSQUEMONTE (Alt: 1) HI: - HD: CIELOFLOR
CIELOFLOR (Alt: 0) HI: - HD: -
FUENTELUZ (Alt: 0) HI: - HD: -
NEUFUEN (Alt: 1) HI: MONTEAURORA HD: PIEDRALUNA
MONTEAURORA (Alt: 0) HI: - HD: -
PIEDRALUNA (Alt: 0) HI: - HD: -
TERRAVIVA (Alt: 2) HI: SOLANDINA HD: VALLEVERDE
SOLANDINA (Alt: 0) HI: - HD: -
VALLEVERDE (Alt: 1) HI: - HD: VENTISQUERO ALTO
VENTISQUERO ALTO (Alt: 0) HI: - HD: -

2. RED (GRAFO):
NEUFUEN -> BOSQUEMONTE (peso:148.0), TERRAVIVA (peso:443.0), SOLANDINA (peso:387.0), RIONEGRA (peso:274.0), 
RIONEGRA -> VENTISQUERO ALTO (peso:300.0), 
SOLANDINA -> MONTEAURORA (peso:290.0), 
TERRAVIVA -> 
BOSQUEMONTE -> 
CUPRAL-CO -> VALLEVERDE (peso:268.0), TERRAVIVA (peso:431.0), PIEDRALUNA (peso:312.0), 
MARAVELICA -> MONTEAURORA (peso:460.0), BOSQUEMONTE (peso:164.0), TERRAVIVA (peso:456.0), 
PIEDRALUNA -> MARAVELICA (peso:320.0), 
VALLEVERDE -> 
MONTEAURORA -> 
FUENTELUZ -> 
VENTISQUERO ALTO -> CIELOFLOR (peso:250.0), 
CIELOFLOR -> NEUFUEN (peso:400.0), 

3. TUBERIAS (DETALLE):
{(PIEDRALUNA -> MARAVELICA)=Tuberia [T-15] Estado: ACTIVO, Caudal: 120.0-320.0, Diametro: 450.0, (CUPRAL-CO -> VALLEVERDE)=Tuberia [T-07] Estado: EN DISEÑO, Caudal: 120.0-268.0, Diametro: 450.0, (MARAVELICA -> BOSQUEMONTE)=Tuberia [T-09] Estado: ACTIVO, Caudal: 60.0-164.0, Diametro: 350.0, (NEUFUEN -> RIONEGRA)=Tuberia [T-01] Estado: ACTIVO, Caudal: 100.0-274.0, Diametro: 500.0, (CIELOFLOR -> NEUFUEN)=Tuberia [T-13] Estado: ACTIVO, Caudal: 150.0-400.0, Diametro: 500.0, (RIONEGRA -> VENTISQUERO ALTO)=Tuberia [T-11] Estado: ACTIVO, Caudal: 100.0-300.0, Diametro: 400.0, (NEUFUEN -> SOLANDINA)=Tuberia [T-02] Estado: ACTIVO, Caudal: 150.0-387.0, Diametro: 600.0, (NEUFUEN -> BOSQUEMONTE)=Tuberia [T-04] Estado: EN REPARACIÓN, Caudal: 50.0-148.0, Diametro: 300.0, (CUPRAL-CO -> PIEDRALUNA)=Tuberia [T-05] Estado: ACTIVO, Caudal: 100.0-312.0, Diametro: 400.0, (VENTISQUERO ALTO -> CIELOFLOR)=Tuberia [T-14] Estado: ACTIVO, Caudal: 100.0-250.0, Diametro: 400.0, (NEUFUEN -> TERRAVIVA)=Tuberia [T-03] Estado: ACTIVO, Caudal: 200.0-443.0, Diametro: 700.0, (MARAVELICA -> MONTEAURORA)=Tuberia [T-10] Estado: INACTIVO, Caudal: 200.0-460.0, Diametro: 700.0, (SOLANDINA -> MONTEAURORA)=Tuberia [T-12] Estado: ACTIVO, Caudal: 110.0-290.0, Diametro: 420.0, (CUPRAL-CO -> TERRAVIVA)=Tuberia [T-06] Estado: ACTIVO, Caudal: 150.0-431.0, Diametro: 550.0, (MARAVELICA -> TERRAVIVA)=Tuberia [T-08] Estado: ACTIVO, Caudal: 180.0-456.0, Diametro: 600.0}
[2026/02/02 10:49:39] Operación: Fin de ejecución.
[2026/02/02 10:49:39] --- ESTADO FINAL DEL SISTEMA ---
[2026/02/02 10:49:39] === ESTADO DEL SISTEMA ===
1. CIUDADES (AVL):
RIONEGRA (Alt: 4) HI: MARAVELICA HD: TERRAVIVA
MARAVELICA (Alt: 3) HI: CUPRAL-CO HD: NEUFUEN
CUPRAL-CO (Alt: 2) HI: BOSQUEMONTE HD: FUENTELUZ
BOSQUEMONTE (Alt: 1) HI: - HD: CIELOFLOR
CIELOFLOR (Alt: 0) HI: - HD: -
FUENTELUZ (Alt: 0) HI: - HD: -
NEUFUEN (Alt: 1) HI: MONTEAURORA HD: PIEDRALUNA
MONTEAURORA (Alt: 0) HI: - HD: -
PIEDRALUNA (Alt: 0) HI: - HD: -
TERRAVIVA (Alt: 2) HI: SOLANDINA HD: VALLEVERDE
SOLANDINA (Alt: 0) HI: - HD: -
VALLEVERDE (Alt: 1) HI: - HD: VENTISQUERO ALTO
VENTISQUERO ALTO (Alt: 0) HI: - HD: -

2. RED (GRAFO):
NEUFUEN -> BOSQUEMONTE (peso:148.0), TERRAVIVA (peso:443.0), SOLANDINA (peso:387.0), RIONEGRA (peso:274.0), 
RIONEGRA -> VENTISQUERO ALTO (peso:300.0), 
SOLANDINA -> MONTEAURORA (peso:290.0), 
TERRAVIVA -> 
BOSQUEMONTE -> 
CUPRAL-CO -> VALLEVERDE (peso:268.0), TERRAVIVA (peso:431.0), PIEDRALUNA (peso:312.0), 
MARAVELICA -> MONTEAURORA (peso:460.0), BOSQUEMONTE (peso:164.0), TERRAVIVA (peso:456.0), 
PIEDRALUNA -> MARAVELICA (peso:320.0), 
VALLEVERDE -> 
MONTEAURORA -> 
FUENTELUZ -> 
VENTISQUERO ALTO -> CIELOFLOR (peso:250.0), 
CIELOFLOR -> NEUFUEN (peso:400.0), 

3. TUBERIAS (DETALLE):
{(PIEDRALUNA -> MARAVELICA)=Tuberia [T-15] Estado: ACTIVO, Caudal: 120.0-320.0, Diametro: 450.0, (CUPRAL-CO -> VALLEVERDE)=Tuberia [T-07] Estado: EN DISEÑO, Caudal: 120.0-268.0, Diametro: 450.0, (MARAVELICA -> BOSQUEMONTE)=Tuberia [T-09] Estado: ACTIVO, Caudal: 60.0-164.0, Diametro: 350.0, (NEUFUEN -> RIONEGRA)=Tuberia [T-01] Estado: ACTIVO, Caudal: 100.0-274.0, Diametro: 500.0, (CIELOFLOR -> NEUFUEN)=Tuberia [T-13] Estado: ACTIVO, Caudal: 150.0-400.0, Diametro: 500.0, (RIONEGRA -> VENTISQUERO ALTO)=Tuberia [T-11] Estado: ACTIVO, Caudal: 100.0-300.0, Diametro: 400.0, (NEUFUEN -> SOLANDINA)=Tuberia [T-02] Estado: ACTIVO, Caudal: 150.0-387.0, Diametro: 600.0, (NEUFUEN -> BOSQUEMONTE)=Tuberia [T-04] Estado: EN REPARACIÓN, Caudal: 50.0-148.0, Diametro: 300.0, (CUPRAL-CO -> PIEDRALUNA)=Tuberia [T-05] Estado: ACTIVO, Caudal: 100.0-312.0, Diametro: 400.0, (VENTISQUERO ALTO -> CIELOFLOR)=Tuberia [T-14] Estado: ACTIVO, Caudal: 100.0-250.0, Diametro: 400.0, (NEUFUEN -> TERRAVIVA)=Tuberia [T-03] Estado: ACTIVO, Caudal: 200.0-443.0, Diametro: 700.0, (MARAVELICA -> MONTEAURORA)=Tuberia [T-10] Estado: INACTIVO, Caudal: 200.0-460.0, Diametro: 700.0, (SOLANDINA -> MONTEAURORA)=Tuberia [T-12] Estado: ACTIVO, Caudal: 110.0-290.0, Diametro: 420.0, (CUPRAL-CO -> TERRAVIVA)=Tuberia [T-06] Estado: ACTIVO, Caudal: 150.0-431.0, Diametro: 550.0, (MARAVELICA -> TERRAVIVA)=Tuberia [T-08] Estado: ACTIVO, Caudal: 180.0-456.0, Diametro: 600.0}
[2026/02/02 10:50:56] Operación: Carga inicial de datos completada.
[2026/02/02 10:50:57] --- ESTADO INICIAL DEL SISTEMA ---
[2026/02/02 10:50:57] === ESTADO DEL SISTEMA ===
1. CIUDADES (AVL):
Árbol AVL Vacío
2. RED (GRAFO):

3. TUBERIAS (DETALLE):
{}
[2026/02/02 10:51:04] Operación: Carga inicial de datos completada.
[2026/02/02 10:51:04] --- ESTADO INICIAL DEL SISTEMA ---
[2026/02/02 10:51:04] === ESTADO DEL SISTEMA ===
1. CIUDADES (AVL):
Árbol AVL Vacío
2. RED (GRAFO):

3. TUBERIAS (DETALLE):
{}
[2026/02/02 10:51:15] Operación: Fin de ejecución.
[2026/02/02 10:51:15] --- ESTADO FINAL DEL SISTEMA ---
[2026/02/02 10:51:15] === ESTADO DEL SISTEMA ===
1. CIUDADES (AVL):
Árbol AVL Vacío
2. RED (GRAFO):

3. TUBERIAS (DETALLE):
{}
[2026/02/02 10:55:08] Operación: Carga inicial de datos completada.
[2026/02/02 10:55:08] --- ESTADO INICIAL DEL SISTEMA ---
[2026/02/02 10:55:08] === ESTADO DEL SISTEMA ===
1. CIUDADES (AVL):
Árbol AVL Vacío
2. RED (GRAFO):

3. TUBERIAS (DETALLE):
{}
[2026/02/02 11:12:59] Operación: Carga inicial de datos completada.
[2026/02/02 11:12:59] --- ESTADO INICIAL DEL SISTEMA ---
[2026/02/02 11:12:59] === ESTADO DEL SISTEMA ===
1. CIUDADES (AVL):
RIONEGRA (Alt: 4) HI: MARAVELICA HD: TERRAVIVA
MARAVELICA (Alt: 3) HI: CUPRAL-CO HD: NEUFUEN
CUPRAL-CO (Alt: 2) HI: BOSQUEMONTE HD: FUENTELUZ
BOSQUEMONTE (Alt: 1) HI: - HD: CIELOFLOR
CIELOFLOR (Alt: 0) HI: - HD: -
FUENTELUZ (Alt: 0) HI: - HD: -
NEUFUEN (Alt: 1) HI: MONTEAURORA HD: PIEDRALUNA
MONTEAURORA (Alt: 0) HI: - HD: -
PIEDRALUNA (Alt: 0) HI: - HD: -
TERRAVIVA (Alt: 2) HI: SOLANDINA HD: VALLEVERDE
SOLANDINA (Alt: 0) HI: - HD: -
VALLEVERDE (Alt: 1) HI: - HD: VENTISQUERO ALTO
VENTISQUERO ALTO (Alt: 0) HI: - HD: -

2. RED (GRAFO):
NEUFUEN -> BOSQUEMONTE (peso:148.0), TERRAVIVA (peso:443.0), SOLANDINA (peso:387.0), RIONEGRA (peso:274.0), 
RIONEGRA -> VENTISQUERO ALTO (peso:300.0), 
SOLANDINA -> MONTEAURORA (peso:290.0), 
TERRAVIVA -> 
BOSQUEMONTE -> 
CUPRAL-CO -> VALLEVERDE (peso:268.0), TERRAVIVA (peso:431.0), PIEDRALUNA (peso:312.0), 
MARAVELICA -> MONTEAURORA (peso:460.0), BOSQUEMONTE (peso:164.0), TERRAVIVA (peso:456.0), 
PIEDRALUNA -> MARAVELICA (peso:320.0), 
VALLEVERDE -> 
MONTEAURORA -> 
FUENTELUZ -> 
VENTISQUERO ALTO -> CIELOFLOR (peso:250.0), 
CIELOFLOR -> NEUFUEN (peso:400.0), 

3. TUBERIAS (DETALLE):
{(PIEDRALUNA -> MARAVELICA)=Tuberia [T-15] Estado: ACTIVO, Caudal: 120.0-320.0, Diametro: 450.0, (CUPRAL-CO -> VALLEVERDE)=Tuberia [T-07] Estado: EN DISEÑO, Caudal: 120.0-268.0, Diametro: 450.0, (MARAVELICA -> BOSQUEMONTE)=Tuberia [T-09] Estado: ACTIVO, Caudal: 60.0-164.0, Diametro: 350.0, (NEUFUEN -> RIONEGRA)=Tuberia [T-01] Estado: ACTIVO, Caudal: 100.0-274.0, Diametro: 500.0, (CIELOFLOR -> NEUFUEN)=Tuberia [T-13] Estado: ACTIVO, Caudal: 150.0-400.0, Diametro: 500.0, (RIONEGRA -> VENTISQUERO ALTO)=Tuberia [T-11] Estado: ACTIVO, Caudal: 100.0-300.0, Diametro: 400.0, (NEUFUEN -> SOLANDINA)=Tuberia [T-02] Estado: ACTIVO, Caudal: 150.0-387.0, Diametro: 600.0, (NEUFUEN -> BOSQUEMONTE)=Tuberia [T-04] Estado: EN REPARACIÓN, Caudal: 50.0-148.0, Diametro: 300.0, (CUPRAL-CO -> PIEDRALUNA)=Tuberia [T-05] Estado: ACTIVO, Caudal: 100.0-312.0, Diametro: 400.0, (VENTISQUERO ALTO -> CIELOFLOR)=Tuberia [T-14] Estado: ACTIVO, Caudal: 100.0-250.0, Diametro: 400.0, (NEUFUEN -> TERRAVIVA)=Tuberia [T-03] Estado: ACTIVO, Caudal: 200.0-443.0, Diametro: 700.0, (MARAVELICA -> MONTEAURORA)=Tuberia [T-10] Estado: INACTIVO, Caudal: 200.0-460.0, Diametro: 700.0, (SOLANDINA -> MONTEAURORA)=Tuberia [T-12] Estado: ACTIVO, Caudal: 110.0-290.0, Diametro: 420.0, (CUPRAL-CO -> TERRAVIVA)=Tuberia [T-06] Estado: ACTIVO, Caudal: 150.0-431.0, Diametro: 550.0, (MARAVELICA -> TERRAVIVA)=Tuberia [T-08] Estado: ACTIVO, Caudal: 180.0-456.0, Diametro: 600.0}
[2026/02/02 13:50:52] Operación: Carga inicial de datos completada.
[2026/02/02 13:50:52] --- ESTADO INICIAL DEL SISTEMA ---
[2026/02/02 13:50:52] === ESTADO DEL SISTEMA ===
1. CIUDADES (AVL):
RIONEGRA (Alt: 4) HI: MARAVELICA HD: TERRAVIVA
MARAVELICA (Alt: 3) HI: CUPRAL-CO HD: NEUFUEN
CUPRAL-CO (Alt: 2) HI: BOSQUEMONTE HD: GARGANTUA
BOSQUEMONTE (Alt: 1) HI: ACUOPOLIS HD: CIELOFLOR
ACUOPOLIS (Alt: 0) HI: - HD: -
CIELOFLOR (Alt: 0) HI: - HD: -
GARGANTUA (Alt: 1) HI: FUENTELUZ HD: KRIPTONITA
FUENTELUZ (Alt: 0) HI: - HD: -
KRIPTONITA (Alt: 0) HI: - HD: -
NEUFUEN (Alt: 1) HI: MONTEAURORA HD: PIEDRALUNA
MONTEAURORA (Alt: 0) HI: - HD: -
PIEDRALUNA (Alt: 0) HI: - HD: -
TERRAVIVA (Alt: 2) HI: SOLANDINA HD: VENTISQUERO ALTO
SOLANDINA (Alt: 0) HI: - HD: -
VENTISQUERO ALTO (Alt: 1) HI: VALLEVERDE HD: ZARAGOZA
VALLEVERDE (Alt: 0) HI: - HD: -
ZARAGOZA (Alt: 0) HI: - HD: -

2. RED (GRAFO):
NEUFUEN -> BOSQUEMONTE (peso:150.0), ACUOPOLIS (peso:800.0), TERRAVIVA (peso:100.0), SOLANDINA (peso:400.0), RIONEGRA (peso:300.0), 
RIONEGRA -> VENTISQUERO ALTO (peso:300.0), 
SOLANDINA -> MONTEAURORA (peso:290.0), 
TERRAVIVA -> 
BOSQUEMONTE -> 
CUPRAL-CO -> VALLEVERDE (peso:250.0), TERRAVIVA (peso:450.0), PIEDRALUNA (peso:300.0), 
MARAVELICA -> MONTEAURORA (peso:460.0), BOSQUEMONTE (peso:160.0), TERRAVIVA (peso:450.0), 
PIEDRALUNA -> MARAVELICA (peso:320.0), 
VALLEVERDE -> ZARAGOZA (peso:200.0), 
MONTEAURORA -> 
FUENTELUZ -> 
VENTISQUERO ALTO -> CIELOFLOR (peso:250.0), 
CIELOFLOR -> NEUFUEN (peso:400.0), 
ACUOPOLIS -> TERRAVIVA (peso:500.0), 
ZARAGOZA -> KRIPTONITA (peso:200.0), 
KRIPTONITA -> NEUFUEN (peso:1000.0), 
GARGANTUA -> 

3. TUBERIAS (DETALLE):
{(PIEDRALUNA -> MARAVELICA)=Tuberia [T-15] Estado: ACTIVO, Caudal: 120.0-320.0, Diametro: 450.0, (KRIPTONITA -> NEUFUEN)=Tuberia [T-18] Estado: ACTIVO, Caudal: 500.0-1000.0, Diametro: 1000.0, (CUPRAL-CO -> VALLEVERDE)=Tuberia [T-07] Estado: EN DISEÑO, Caudal: 120.0-250.0, Diametro: 450.0, (MARAVELICA -> BOSQUEMONTE)=Tuberia [T-09] Estado: ACTIVO, Caudal: 60.0-160.0, Diametro: 350.0, (NEUFUEN -> RIONEGRA)=Tuberia [T-01] Estado: ACTIVO, Caudal: 100.0-300.0, Diametro: 500.0, (CIELOFLOR -> NEUFUEN)=Tuberia [T-13] Estado: ACTIVO, Caudal: 150.0-400.0, Diametro: 500.0, (ZARAGOZA -> KRIPTONITA)=Tuberia [T-17] Estado: ACTIVO, Caudal: 100.0-200.0, Diametro: 300.0, (RIONEGRA -> VENTISQUERO ALTO)=Tuberia [T-11] Estado: ACTIVO, Caudal: 100.0-300.0, Diametro: 400.0, (NEUFUEN -> SOLANDINA)=Tuberia [T-02] Estado: ACTIVO, Caudal: 150.0-400.0, Diametro: 600.0, (NEUFUEN -> BOSQUEMONTE)=Tuberia [T-04] Estado: EN REPARACIÓN, Caudal: 50.0-150.0, Diametro: 300.0, (NEUFUEN -> ACUOPOLIS)=Tuberia [T-XA] Estado: ACTIVO, Caudal: 200.0-800.0, Diametro: 900.0, (CUPRAL-CO -> PIEDRALUNA)=Tuberia [T-05] Estado: ACTIVO, Caudal: 100.0-300.0, Diametro: 400.0, (ACUOPOLIS -> TERRAVIVA)=Tuberia [T-XB] Estado: ACTIVO, Caudal: 200.0-500.0, Diametro: 900.0, (VENTISQUERO ALTO -> CIELOFLOR)=Tuberia [T-14] Estado: ACTIVO, Caudal: 100.0-250.0, Diametro: 400.0, (VALLEVERDE -> ZARAGOZA)=Tuberia [T-16] Estado: ACTIVO, Caudal: 100.0-200.0, Diametro: 300.0, (NEUFUEN -> TERRAVIVA)=Tuberia [T-03] Estado: ACTIVO, Caudal: 50.0-100.0, Diametro: 700.0, (MARAVELICA -> MONTEAURORA)=Tuberia [T-10] Estado: INACTIVO, Caudal: 200.0-460.0, Diametro: 700.0, (SOLANDINA -> MONTEAURORA)=Tuberia [T-12] Estado: ACTIVO, Caudal: 110.0-290.0, Diametro: 420.0, (CUPRAL-CO -> TERRAVIVA)=Tuberia [T-06] Estado: ACTIVO, Caudal: 150.0-450.0, Diametro: 550.0, (MARAVELICA -> TERRAVIVA)=Tuberia [T-08] Estado: ACTIVO, Caudal: 180.0-450.0, Diametro: 600.0}
[2026/02/02 13:55:58] Operación: Fin de ejecución.
[2026/02/02 13:55:58] --- ESTADO FINAL DEL SISTEMA ---
[2026/02/02 13:55:58] === ESTADO DEL SISTEMA ===
1. CIUDADES (AVL):
RIONEGRA (Alt: 4) HI: MARAVELICA HD: TERRAVIVA
MARAVELICA (Alt: 3) HI: CUPRAL-CO HD: NEUFUEN
CUPRAL-CO (Alt: 2) HI: BOSQUEMONTE HD: GARGANTUA
BOSQUEMONTE (Alt: 1) HI: ACUOPOLIS HD: CIELOFLOR
ACUOPOLIS (Alt: 0) HI: - HD: -
CIELOFLOR (Alt: 0) HI: - HD: -
GARGANTUA (Alt: 1) HI: FUENTELUZ HD: KRIPTONITA
FUENTELUZ (Alt: 0) HI: - HD: -
KRIPTONITA (Alt: 0) HI: - HD: -
NEUFUEN (Alt: 1) HI: MONTEAURORA HD: PIEDRALUNA
MONTEAURORA (Alt: 0) HI: - HD: -
PIEDRALUNA (Alt: 0) HI: - HD: -
TERRAVIVA (Alt: 2) HI: SOLANDINA HD: VENTISQUERO ALTO
SOLANDINA (Alt: 0) HI: - HD: -
VENTISQUERO ALTO (Alt: 1) HI: VALLEVERDE HD: ZARAGOZA
VALLEVERDE (Alt: 0) HI: - HD: -
ZARAGOZA (Alt: 0) HI: - HD: -

2. RED (GRAFO):
NEUFUEN -> BOSQUEMONTE (peso:150.0), ACUOPOLIS (peso:800.0), TERRAVIVA (peso:100.0), SOLANDINA (peso:400.0), RIONEGRA (peso:300.0), 
RIONEGRA -> VENTISQUERO ALTO (peso:300.0), 
SOLANDINA -> MONTEAURORA (peso:290.0), 
TERRAVIVA -> 
BOSQUEMONTE -> 
CUPRAL-CO -> VALLEVERDE (peso:250.0), TERRAVIVA (peso:450.0), PIEDRALUNA (peso:300.0), 
MARAVELICA -> MONTEAURORA (peso:460.0), BOSQUEMONTE (peso:160.0), TERRAVIVA (peso:450.0), 
PIEDRALUNA -> MARAVELICA (peso:320.0), 
VALLEVERDE -> ZARAGOZA (peso:200.0), 
MONTEAURORA -> 
FUENTELUZ -> 
VENTISQUERO ALTO -> CIELOFLOR (peso:250.0), 
CIELOFLOR -> NEUFUEN (peso:400.0), 
ACUOPOLIS -> TERRAVIVA (peso:500.0), 
ZARAGOZA -> KRIPTONITA (peso:200.0), 
KRIPTONITA -> NEUFUEN (peso:1000.0), 
GARGANTUA -> 

3. TUBERIAS (DETALLE):
{(PIEDRALUNA -> MARAVELICA)=Tuberia [T-15] Estado: ACTIVO, Caudal: 120.0-320.0, Diametro: 450.0, (KRIPTONITA -> NEUFUEN)=Tuberia [T-18] Estado: ACTIVO, Caudal: 500.0-1000.0, Diametro: 1000.0, (CUPRAL-CO -> VALLEVERDE)=Tuberia [T-07] Estado: EN DISEÑO, Caudal: 120.0-250.0, Diametro: 450.0, (MARAVELICA -> BOSQUEMONTE)=Tuberia [T-09] Estado: ACTIVO, Caudal: 60.0-160.0, Diametro: 350.0, (NEUFUEN -> RIONEGRA)=Tuberia [T-01] Estado: ACTIVO, Caudal: 100.0-300.0, Diametro: 500.0, (CIELOFLOR -> NEUFUEN)=Tuberia [T-13] Estado: ACTIVO, Caudal: 150.0-400.0, Diametro: 500.0, (ZARAGOZA -> KRIPTONITA)=Tuberia [T-17] Estado: ACTIVO, Caudal: 100.0-200.0, Diametro: 300.0, (RIONEGRA -> VENTISQUERO ALTO)=Tuberia [T-11] Estado: ACTIVO, Caudal: 100.0-300.0, Diametro: 400.0, (NEUFUEN -> SOLANDINA)=Tuberia [T-02] Estado: ACTIVO, Caudal: 150.0-400.0, Diametro: 600.0, (NEUFUEN -> BOSQUEMONTE)=Tuberia [T-04] Estado: EN REPARACIÓN, Caudal: 50.0-150.0, Diametro: 300.0, (NEUFUEN -> ACUOPOLIS)=Tuberia [T-XA] Estado: ACTIVO, Caudal: 200.0-800.0, Diametro: 900.0, (CUPRAL-CO -> PIEDRALUNA)=Tuberia [T-05] Estado: ACTIVO, Caudal: 100.0-300.0, Diametro: 400.0, (ACUOPOLIS -> TERRAVIVA)=Tuberia [T-XB] Estado: ACTIVO, Caudal: 200.0-500.0, Diametro: 900.0, (VENTISQUERO ALTO -> CIELOFLOR)=Tuberia [T-14] Estado: ACTIVO, Caudal: 100.0-250.0, Diametro: 400.0, (VALLEVERDE -> ZARAGOZA)=Tuberia [T-16] Estado: ACTIVO, Caudal: 100.0-200.0, Diametro: 300.0, (NEUFUEN -> TERRAVIVA)=Tuberia [T-03] Estado: ACTIVO, Caudal: 50.0-100.0, Diametro: 700.0, (MARAVELICA -> MONTEAURORA)=Tuberia [T-10] Estado: INACTIVO, Caudal: 200.0-460.0, Diametro: 700.0, (SOLANDINA -> MONTEAURORA)=Tuberia [T-12] Estado: ACTIVO, Caudal: 110.0-290.0, Diametro: 420.0, (CUPRAL-CO -> TERRAVIVA)=Tuberia [T-06] Estado: ACTIVO, Caudal: 150.0-450.0, Diametro: 550.0, (MARAVELICA -> TERRAVIVA)=Tuberia [T-08] Estado: ACTIVO, Caudal: 180.0-450.0, Diametro: 600.0}
[2026/02/02 13:58:54] Operación: Carga inicial de datos completada.
[2026/02/02 13:58:54] --- ESTADO INICIAL DEL SISTEMA ---
[2026/02/02 13:58:54] === ESTADO DEL SISTEMA ===
1. CIUDADES (AVL):
RIONEGRA (Alt: 4) HI: MARAVELICA HD: TERRAVIVA
MARAVELICA (Alt: 3) HI: CUPRAL-CO HD: NEUFUEN
CUPRAL-CO (Alt: 2) HI: BOSQUEMONTE HD: GARGANTUA
BOSQUEMONTE (Alt: 1) HI: ACUOPOLIS HD: CIELOFLOR
ACUOPOLIS (Alt: 0) HI: - HD: -
CIELOFLOR (Alt: 0) HI: - HD: -
GARGANTUA (Alt: 1) HI: FUENTELUZ HD: KRIPTONITA
FUENTELUZ (Alt: 0) HI: - HD: -
KRIPTONITA (Alt: 0) HI: - HD: -
NEUFUEN (Alt: 1) HI: MONTEAURORA HD: PIEDRALUNA
MONTEAURORA (Alt: 0) HI: - HD: -
PIEDRALUNA (Alt: 0) HI: - HD: -
TERRAVIVA (Alt: 2) HI: SOLANDINA HD: VENTISQUERO ALTO
SOLANDINA (Alt: 0) HI: - HD: -
VENTISQUERO ALTO (Alt: 1) HI: VALLEVERDE HD: ZARAGOZA
VALLEVERDE (Alt: 0) HI: - HD: -
ZARAGOZA (Alt: 0) HI: - HD: -

2. RED (GRAFO):
NEUFUEN -> BOSQUEMONTE (peso:150.0), ACUOPOLIS (peso:800.0), TERRAVIVA (peso:100.0), SOLANDINA (peso:400.0), RIONEGRA (peso:300.0), 
RIONEGRA -> VENTISQUERO ALTO (peso:300.0), 
SOLANDINA -> MONTEAURORA (peso:290.0), 
TERRAVIVA -> 
BOSQUEMONTE -> 
CUPRAL-CO -> VALLEVERDE (peso:250.0), TERRAVIVA (peso:450.0), PIEDRALUNA (peso:300.0), 
MARAVELICA -> MONTEAURORA (peso:460.0), BOSQUEMONTE (peso:160.0), TERRAVIVA (peso:450.0), 
PIEDRALUNA -> MARAVELICA (peso:320.0), 
VALLEVERDE -> ZARAGOZA (peso:200.0), 
MONTEAURORA -> 
FUENTELUZ -> 
VENTISQUERO ALTO -> CIELOFLOR (peso:250.0), 
CIELOFLOR -> NEUFUEN (peso:400.0), 
ACUOPOLIS -> TERRAVIVA (peso:500.0), 
ZARAGOZA -> KRIPTONITA (peso:200.0), 
KRIPTONITA -> NEUFUEN (peso:1000.0), 
GARGANTUA -> 

3. TUBERIAS (DETALLE):
{(PIEDRALUNA -> MARAVELICA)=Tuberia [T-15] Estado: ACTIVO, Caudal: 120.0-320.0, Diametro: 450.0, (KRIPTONITA -> NEUFUEN)=Tuberia [T-18] Estado: ACTIVO, Caudal: 500.0-1000.0, Diametro: 1000.0, (CUPRAL-CO -> VALLEVERDE)=Tuberia [T-07] Estado: EN DISEÑO, Caudal: 120.0-250.0, Diametro: 450.0, (MARAVELICA -> BOSQUEMONTE)=Tuberia [T-09] Estado: ACTIVO, Caudal: 60.0-160.0, Diametro: 350.0, (NEUFUEN -> RIONEGRA)=Tuberia [T-01] Estado: ACTIVO, Caudal: 100.0-300.0, Diametro: 500.0, (CIELOFLOR -> NEUFUEN)=Tuberia [T-13] Estado: ACTIVO, Caudal: 150.0-400.0, Diametro: 500.0, (ZARAGOZA -> KRIPTONITA)=Tuberia [T-17] Estado: ACTIVO, Caudal: 100.0-200.0, Diametro: 300.0, (RIONEGRA -> VENTISQUERO ALTO)=Tuberia [T-11] Estado: ACTIVO, Caudal: 100.0-300.0, Diametro: 400.0, (NEUFUEN -> SOLANDINA)=Tuberia [T-02] Estado: ACTIVO, Caudal: 150.0-400.0, Diametro: 600.0, (NEUFUEN -> BOSQUEMONTE)=Tuberia [T-04] Estado: EN REPARACIÓN, Caudal: 50.0-150.0, Diametro: 300.0, (NEUFUEN -> ACUOPOLIS)=Tuberia [T-XA] Estado: ACTIVO, Caudal: 200.0-800.0, Diametro: 900.0, (CUPRAL-CO -> PIEDRALUNA)=Tuberia [T-05] Estado: ACTIVO, Caudal: 100.0-300.0, Diametro: 400.0, (ACUOPOLIS -> TERRAVIVA)=Tuberia [T-XB] Estado: ACTIVO, Caudal: 200.0-500.0, Diametro: 900.0, (VENTISQUERO ALTO -> CIELOFLOR)=Tuberia [T-14] Estado: ACTIVO, Caudal: 100.0-250.0, Diametro: 400.0, (VALLEVERDE -> ZARAGOZA)=Tuberia [T-16] Estado: ACTIVO, Caudal: 100.0-200.0, Diametro: 300.0, (NEUFUEN -> TERRAVIVA)=Tuberia [T-03] Estado: ACTIVO, Caudal: 50.0-100.0, Diametro: 700.0, (MARAVELICA -> MONTEAURORA)=Tuberia [T-10] Estado: INACTIVO, Caudal: 200.0-460.0, Diametro: 700.0, (SOLANDINA -> MONTEAURORA)=Tuberia [T-12] Estado: ACTIVO, Caudal: 110.0-290.0, Diametro: 420.0, (CUPRAL-CO -> TERRAVIVA)=Tuberia [T-06] Estado: ACTIVO, Caudal: 150.0-450.0, Diametro: 550.0, (MARAVELICA -> TERRAVIVA)=Tuberia [T-08] Estado: ACTIVO, Caudal: 180.0-450.0, Diametro: 600.0}
[2026/02/02 14:25:07] Operación: Fin de ejecución.
[2026/02/02 14:25:07] --- ESTADO FINAL DEL SISTEMA ---
[2026/02/02 14:25:07] === ESTADO DEL SISTEMA ===
1. CIUDADES (AVL):
RIONEGRA (Alt: 4) HI: MARAVELICA HD: TERRAVIVA
MARAVELICA (Alt: 3) HI: CUPRAL-CO HD: NEUFUEN
CUPRAL-CO (Alt: 2) HI: BOSQUEMONTE HD: GARGANTUA
BOSQUEMONTE (Alt: 1) HI: ACUOPOLIS HD: CIELOFLOR
ACUOPOLIS (Alt: 0) HI: - HD: -
CIELOFLOR (Alt: 0) HI: - HD: -
GARGANTUA (Alt: 1) HI: FUENTELUZ HD: KRIPTONITA
FUENTELUZ (Alt: 0) HI: - HD: -
KRIPTONITA (Alt: 0) HI: - HD: -
NEUFUEN (Alt: 1) HI: MONTEAURORA HD: PIEDRALUNA
MONTEAURORA (Alt: 0) HI: - HD: -
PIEDRALUNA (Alt: 0) HI: - HD: -
TERRAVIVA (Alt: 2) HI: SOLANDINA HD: VENTISQUERO ALTO
SOLANDINA (Alt: 0) HI: - HD: -
VENTISQUERO ALTO (Alt: 1) HI: VALLEVERDE HD: ZARAGOZA
VALLEVERDE (Alt: 0) HI: - HD: -
ZARAGOZA (Alt: 0) HI: - HD: -

2. RED (GRAFO):
NEUFUEN -> BOSQUEMONTE (peso:150.0), ACUOPOLIS (peso:800.0), TERRAVIVA (peso:100.0), SOLANDINA (peso:400.0), RIONEGRA (peso:300.0), 
RIONEGRA -> VENTISQUERO ALTO (peso:300.0), 
SOLANDINA -> MONTEAURORA (peso:290.0), 
TERRAVIVA -> 
BOSQUEMONTE -> 
CUPRAL-CO -> VALLEVERDE (peso:250.0), TERRAVIVA (peso:450.0), PIEDRALUNA (peso:300.0), 
MARAVELICA -> MONTEAURORA (peso:460.0), BOSQUEMONTE (peso:160.0), TERRAVIVA (peso:450.0), 
PIEDRALUNA -> MARAVELICA (peso:320.0), 
VALLEVERDE -> ZARAGOZA (peso:200.0), 
MONTEAURORA -> 
FUENTELUZ -> 
VENTISQUERO ALTO -> CIELOFLOR (peso:250.0), 
CIELOFLOR -> NEUFUEN (peso:400.0), 
ACUOPOLIS -> TERRAVIVA (peso:500.0), 
ZARAGOZA -> KRIPTONITA (peso:200.0), 
KRIPTONITA -> NEUFUEN (peso:1000.0), 
GARGANTUA -> 

3. TUBERIAS (DETALLE):
{(PIEDRALUNA -> MARAVELICA)=Tuberia [T-15] Estado: ACTIVO, Caudal: 120.0-320.0, Diametro: 450.0, (KRIPTONITA -> NEUFUEN)=Tuberia [T-18] Estado: ACTIVO, Caudal: 500.0-1000.0, Diametro: 1000.0, (CUPRAL-CO -> VALLEVERDE)=Tuberia [T-07] Estado: EN DISEÑO, Caudal: 120.0-250.0, Diametro: 450.0, (MARAVELICA -> BOSQUEMONTE)=Tuberia [T-09] Estado: ACTIVO, Caudal: 60.0-160.0, Diametro: 350.0, (NEUFUEN -> RIONEGRA)=Tuberia [T-01] Estado: ACTIVO, Caudal: 100.0-300.0, Diametro: 500.0, (CIELOFLOR -> NEUFUEN)=Tuberia [T-13] Estado: ACTIVO, Caudal: 150.0-400.0, Diametro: 500.0, (ZARAGOZA -> KRIPTONITA)=Tuberia [T-17] Estado: ACTIVO, Caudal: 100.0-200.0, Diametro: 300.0, (RIONEGRA -> VENTISQUERO ALTO)=Tuberia [T-11] Estado: ACTIVO, Caudal: 100.0-300.0, Diametro: 400.0, (NEUFUEN -> SOLANDINA)=Tuberia [T-02] Estado: ACTIVO, Caudal: 150.0-400.0, Diametro: 600.0, (NEUFUEN -> BOSQUEMONTE)=Tuberia [T-04] Estado: EN REPARACIÓN, Caudal: 50.0-150.0, Diametro: 300.0, (NEUFUEN -> ACUOPOLIS)=Tuberia [T-XA] Estado: ACTIVO, Caudal: 200.0-800.0, Diametro: 900.0, (CUPRAL-CO -> PIEDRALUNA)=Tuberia [T-05] Estado: ACTIVO, Caudal: 100.0-300.0, Diametro: 400.0, (ACUOPOLIS -> TERRAVIVA)=Tuberia [T-XB] Estado: ACTIVO, Caudal: 200.0-500.0, Diametro: 900.0, (VENTISQUERO ALTO -> CIELOFLOR)=Tuberia [T-14] Estado: ACTIVO, Caudal: 100.0-250.0, Diametro: 400.0, (VALLEVERDE -> ZARAGOZA)=Tuberia [T-16] Estado: ACTIVO, Caudal: 100.0-200.0, Diametro: 300.0, (NEUFUEN -> TERRAVIVA)=Tuberia [T-03] Estado: ACTIVO, Caudal: 50.0-100.0, Diametro: 700.0, (MARAVELICA -> MONTEAURORA)=Tuberia [T-10] Estado: INACTIVO, Caudal: 200.0-460.0, Diametro: 700.0, (SOLANDINA -> MONTEAURORA)=Tuberia [T-12] Estado: ACTIVO, Caudal: 110.0-290.0, Diametro: 420.0, (CUPRAL-CO -> TERRAVIVA)=Tuberia [T-06] Estado: ACTIVO, Caudal: 150.0-450.0, Diametro: 550.0, (MARAVELICA -> TERRAVIVA)=Tuberia [T-08] Estado: ACTIVO, Caudal: 180.0-450.0, Diametro: 600.0}
[2026/02/02 14:28:28] Operación: Carga inicial de datos completada.
[2026/02/02 14:28:28] --- ESTADO INICIAL DEL SISTEMA ---
[2026/02/02 14:28:28] === ESTADO DEL SISTEMA ===
1. CIUDADES (AVL):
RIONEGRA (Alt: 4) HI: MARAVELICA HD: TERRAVIVA
MARAVELICA (Alt: 3) HI: CUPRAL-CO HD: NEUFUEN
CUPRAL-CO (Alt: 2) HI: BOSQUEMONTE HD: GARGANTUA
BOSQUEMONTE (Alt: 1) HI: ACUOPOLIS HD: CIELOFLOR
ACUOPOLIS (Alt: 0) HI: - HD: -
CIELOFLOR (Alt: 0) HI: - HD: -
GARGANTUA (Alt: 1) HI: FUENTELUZ HD: KRIPTONITA
FUENTELUZ (Alt: 0) HI: - HD: -
KRIPTONITA (Alt: 0) HI: - HD: -
NEUFUEN (Alt: 1) HI: MONTEAURORA HD: PIEDRALUNA
MONTEAURORA (Alt: 0) HI: - HD: -
PIEDRALUNA (Alt: 0) HI: - HD: -
TERRAVIVA (Alt: 2) HI: SOLANDINA HD: VENTISQUERO ALTO
SOLANDINA (Alt: 0) HI: - HD: -
VENTISQUERO ALTO (Alt: 1) HI: VALLEVERDE HD: ZARAGOZA
VALLEVERDE (Alt: 0) HI: - HD: -
ZARAGOZA (Alt: 0) HI: - HD: -

2. RED (GRAFO):
NEUFUEN -> BOSQUEMONTE (peso:150.0), ACUOPOLIS (peso:800.0), TERRAVIVA (peso:100.0), SOLANDINA (peso:400.0), RIONEGRA (peso:300.0), 
RIONEGRA -> VENTISQUERO ALTO (peso:300.0), 
SOLANDINA -> MONTEAURORA (peso:290.0), 
TERRAVIVA -> 
BOSQUEMONTE -> 
CUPRAL-CO -> VALLEVERDE (peso:250.0), TERRAVIVA (peso:450.0), PIEDRALUNA (peso:300.0), 
MARAVELICA -> MONTEAURORA (peso:460.0), BOSQUEMONTE (peso:160.0), TERRAVIVA (peso:450.0), 
PIEDRALUNA -> MARAVELICA (peso:320.0), 
VALLEVERDE -> ZARAGOZA (peso:200.0), 
MONTEAURORA -> 
FUENTELUZ -> 
VENTISQUERO ALTO -> CIELOFLOR (peso:250.0), 
CIELOFLOR -> NEUFUEN (peso:400.0), 
ACUOPOLIS -> TERRAVIVA (peso:500.0), 
ZARAGOZA -> KRIPTONITA (peso:200.0), 
KRIPTONITA -> NEUFUEN (peso:1000.0), 
GARGANTUA -> PIEDRALUNA (peso:200.0), 

3. TUBERIAS (DETALLE):
{(PIEDRALUNA -> MARAVELICA)=Tuberia [T-15] Estado: ACTIVO, Caudal: 120.0-320.0, Diametro: 450.0, (KRIPTONITA -> NEUFUEN)=Tuberia [T-18] Estado: ACTIVO, Caudal: 500.0-1000.0, Diametro: 1000.0, (CUPRAL-CO -> VALLEVERDE)=Tuberia [T-07] Estado: EN DISEÑO, Caudal: 120.0-250.0, Diametro: 450.0, (MARAVELICA -> BOSQUEMONTE)=Tuberia [T-09] Estado: ACTIVO, Caudal: 60.0-160.0, Diametro: 350.0, (NEUFUEN -> RIONEGRA)=Tuberia [T-01] Estado: ACTIVO, Caudal: 100.0-300.0, Diametro: 500.0, (CIELOFLOR -> NEUFUEN)=Tuberia [T-13] Estado: ACTIVO, Caudal: 150.0-400.0, Diametro: 500.0, (GARGANTUA -> PIEDRALUNA)=Tuberia [T-19] Estado: EN DISEÑO, Caudal: 100.0-200.0, Diametro: 300.0, (ZARAGOZA -> KRIPTONITA)=Tuberia [T-17] Estado: ACTIVO, Caudal: 100.0-200.0, Diametro: 300.0, (RIONEGRA -> VENTISQUERO ALTO)=Tuberia [T-11] Estado: ACTIVO, Caudal: 100.0-300.0, Diametro: 400.0, (NEUFUEN -> SOLANDINA)=Tuberia [T-02] Estado: ACTIVO, Caudal: 150.0-400.0, Diametro: 600.0, (NEUFUEN -> BOSQUEMONTE)=Tuberia [T-04] Estado: EN REPARACIÓN, Caudal: 50.0-150.0, Diametro: 300.0, (NEUFUEN -> ACUOPOLIS)=Tuberia [T-XA] Estado: ACTIVO, Caudal: 200.0-800.0, Diametro: 900.0, (CUPRAL-CO -> PIEDRALUNA)=Tuberia [T-05] Estado: ACTIVO, Caudal: 100.0-300.0, Diametro: 400.0, (ACUOPOLIS -> TERRAVIVA)=Tuberia [T-XB] Estado: ACTIVO, Caudal: 200.0-500.0, Diametro: 900.0, (VENTISQUERO ALTO -> CIELOFLOR)=Tuberia [T-14] Estado: ACTIVO, Caudal: 100.0-250.0, Diametro: 400.0, (VALLEVERDE -> ZARAGOZA)=Tuberia [T-16] Estado: ACTIVO, Caudal: 100.0-200.0, Diametro: 300.0, (NEUFUEN -> TERRAVIVA)=Tuberia [T-03] Estado: ACTIVO, Caudal: 50.0-100.0, Diametro: 700.0, (MARAVELICA -> MONTEAURORA)=Tuberia [T-10] Estado: INACTIVO, Caudal: 200.0-460.0, Diametro: 700.0, (SOLANDINA -> MONTEAURORA)=Tuberia [T-12] Estado: ACTIVO, Caudal: 110.0-290.0, Diametro: 420.0, (CUPRAL-CO -> TERRAVIVA)=Tuberia [T-06] Estado: ACTIVO, Caudal: 150.0-450.0, Diametro: 550.0, (MARAVELICA -> TERRAVIVA)=Tuberia [T-08] Estado: ACTIVO, Caudal: 180.0-450.0, Diametro: 600.0}
